0 info it worked if it ends with ok
1 verbose cli [ 'C:\\Program Files\\nodejs\\node.exe',
1 verbose cli   'C:\\Program Files\\nodejs\\node_modules\\npm\\bin\\npm-cli.js',
1 verbose cli   'install',
1 verbose cli   'webpack.config' ]
2 info using npm@2.15.5
3 info using node@v4.4.5
4 verbose install initial load of C:\Users\kvict_000\desktop\bootcamp\nytreact\package.json
5 warn package.json nytreact@1.0.0 No description
6 verbose installManyTop reading scoped package data from C:\Users\kvict_000\desktop\bootcamp\nytreact\node_modules\axios\package.json
7 verbose installManyTop reading scoped package data from C:\Users\kvict_000\desktop\bootcamp\nytreact\node_modules\babel\package.json
8 verbose installManyTop reading scoped package data from C:\Users\kvict_000\desktop\bootcamp\nytreact\node_modules\express\package.json
9 verbose installManyTop reading scoped package data from C:\Users\kvict_000\desktop\bootcamp\nytreact\node_modules\express-handlebars\package.json
10 verbose installManyTop reading scoped package data from C:\Users\kvict_000\desktop\bootcamp\nytreact\node_modules\handlebars\package.json
11 verbose installManyTop reading scoped package data from C:\Users\kvict_000\desktop\bootcamp\nytreact\node_modules\mongodb\package.json
12 verbose installManyTop reading scoped package data from C:\Users\kvict_000\desktop\bootcamp\nytreact\node_modules\react\package.json
13 verbose installManyTop reading scoped package data from C:\Users\kvict_000\desktop\bootcamp\nytreact\node_modules\react-dom\package.json
14 verbose installManyTop reading scoped package data from C:\Users\kvict_000\desktop\bootcamp\nytreact\node_modules\react-router\package.json
15 verbose readDependencies loading dependencies from C:\Users\kvict_000\desktop\bootcamp\nytreact\package.json
16 silly cache add args [ 'webpack.config', null ]
17 verbose cache add spec webpack.config
18 silly cache add parsed spec Result {
18 silly cache add   raw: 'webpack.config',
18 silly cache add   scope: null,
18 silly cache add   name: 'webpack.config',
18 silly cache add   rawSpec: '',
18 silly cache add   spec: 'latest',
18 silly cache add   type: 'tag' }
19 silly addNamed webpack.config@latest
20 verbose addNamed "latest" is being treated as a dist-tag for webpack.config
21 info addNameTag [ 'webpack.config', 'latest' ]
22 silly mapToRegistry name webpack.config
23 silly mapToRegistry using default registry
24 silly mapToRegistry registry https://registry.npmjs.org/
25 silly mapToRegistry data Result {
25 silly mapToRegistry   raw: 'webpack.config',
25 silly mapToRegistry   scope: null,
25 silly mapToRegistry   name: 'webpack.config',
25 silly mapToRegistry   rawSpec: '',
25 silly mapToRegistry   spec: 'latest',
25 silly mapToRegistry   type: 'tag' }
26 silly mapToRegistry uri https://registry.npmjs.org/webpack.config
27 verbose addNameTag registry:https://registry.npmjs.org/webpack.config not in flight; fetching
28 verbose request uri https://registry.npmjs.org/webpack.config
29 verbose request no auth needed
30 info attempt registry request try #1 at 5:41:41 PM
31 verbose request id 62950ed4f3bd6a8f
32 http request GET https://registry.npmjs.org/webpack.config
33 http 404 https://registry.npmjs.org/webpack.config
34 verbose headers { 'content-type': 'application/json',
34 verbose headers   'cache-control': 'max-age=0',
34 verbose headers   'content-length': '2',
34 verbose headers   'accept-ranges': 'bytes',
34 verbose headers   date: 'Fri, 12 Aug 2016 21:41:37 GMT',
34 verbose headers   via: '1.1 varnish',
34 verbose headers   age: '0',
34 verbose headers   connection: 'keep-alive',
34 verbose headers   'x-served-by': 'cache-atl6245-ATL',
34 verbose headers   'x-cache': 'MISS',
34 verbose headers   'x-cache-hits': '0',
34 verbose headers   'x-timer': 'S1471038097.432976,VS0,VE367',
34 verbose headers   vary: 'Accept-Encoding' }
35 silly get cb [ 404,
35 silly get   { 'content-type': 'application/json',
35 silly get     'cache-control': 'max-age=0',
35 silly get     'content-length': '2',
35 silly get     'accept-ranges': 'bytes',
35 silly get     date: 'Fri, 12 Aug 2016 21:41:37 GMT',
35 silly get     via: '1.1 varnish',
35 silly get     age: '0',
35 silly get     connection: 'keep-alive',
35 silly get     'x-served-by': 'cache-atl6245-ATL',
35 silly get     'x-cache': 'MISS',
35 silly get     'x-cache-hits': '0',
35 silly get     'x-timer': 'S1471038097.432976,VS0,VE367',
35 silly get     vary: 'Accept-Encoding' } ]
36 verbose stack Error: Registry returned 404 for GET on https://registry.npmjs.org/webpack.config
36 verbose stack     at makeError (C:\Program Files\nodejs\node_modules\npm\node_modules\npm-registry-client\lib\request.js:264:12)
36 verbose stack     at CachingRegistryClient.<anonymous> (C:\Program Files\nodejs\node_modules\npm\node_modules\npm-registry-client\lib\request.js:242:14)
36 verbose stack     at Request._callback (C:\Program Files\nodejs\node_modules\npm\node_modules\npm-registry-client\lib\request.js:172:14)
36 verbose stack     at Request.self.callback (C:\Program Files\nodejs\node_modules\npm\node_modules\request\request.js:200:22)
36 verbose stack     at emitTwo (events.js:87:13)
36 verbose stack     at Request.emit (events.js:172:7)
36 verbose stack     at Request.<anonymous> (C:\Program Files\nodejs\node_modules\npm\node_modules\request\request.js:1067:10)
36 verbose stack     at emitOne (events.js:82:20)
36 verbose stack     at Request.emit (events.js:169:7)
36 verbose stack     at IncomingMessage.<anonymous> (C:\Program Files\nodejs\node_modules\npm\node_modules\request\request.js:988:12)
37 verbose statusCode 404
38 verbose pkgid webpack.config
39 verbose cwd C:\Users\kvict_000\desktop\bootcamp\nytreact
40 error Windows_NT 10.0.10586
41 error argv "C:\\Program Files\\nodejs\\node.exe" "C:\\Program Files\\nodejs\\node_modules\\npm\\bin\\npm-cli.js" "install" "webpack.config"
42 error node v4.4.5
43 error npm  v2.15.5
44 error code E404
45 error 404 Registry returned 404 for GET on https://registry.npmjs.org/webpack.config
45 error 404
45 error 404 'webpack.config' is not in the npm registry.
45 error 404 You should bug the author to publish it (or use the name yourself!)
45 error 404 It was specified as a dependency of 'nytreact'
45 error 404
45 error 404 Note that you can also install from a
45 error 404 tarball, folder, http url, or git url.
46 verbose exit [ 1, true ]
